*** Starting uWSGI 2.0.19.1 (64bit) on [Mon Oct 12 13:26:23 2020] ***
compiled with version: 4.8.5 20150623 (Red Hat 4.8.5-39) on 12 October 2020 05:18:18
os: Linux-3.10.0-1062.18.1.el7.x86_64 #1 SMP Tue Mar 17 23:49:17 UTC 2020
nodename: VM-4-12-centos
machine: x86_64
clock source: unix
pcre jit disabled
detected number of CPU cores: 1
current working directory: /data/wwwroot/HelloWorld
writing pidfile to uwsgi.pid
detected binary path: /data/env/pyweb/bin/uwsgi
uWSGI running as root, you can use --uid/--gid/--chroot options
*** WARNING: you are running uWSGI as root !!! (use the --uid flag) *** 
chdir() to /data/wwwroot/HelloWorld/
your processes number limit is 3878
your memory page size is 4096 bytes
detected max file descriptor number: 100001
lock engine: pthread robust mutexes
thunder lock: disabled (you can enable it with --thunder-lock)
uwsgi socket 0 bound to TCP address :8082 fd 3
uWSGI running as root, you can use --uid/--gid/--chroot options
*** WARNING: you are running uWSGI as root !!! (use the --uid flag) *** 
Python version: 3.6.8 (default, Apr  2 2020, 13:34:55)  [GCC 4.8.5 20150623 (Red Hat 4.8.5-39)]
Python main interpreter initialized at 0x1e1baf0
uWSGI running as root, you can use --uid/--gid/--chroot options
*** WARNING: you are running uWSGI as root !!! (use the --uid flag) *** 
python threads support enabled
your server socket listen backlog is limited to 100 connections
your mercy for graceful operations on workers is 60 seconds
mapped 416880 bytes (407 KB) for 8 cores
*** Operational MODE: preforking+threaded ***
added /data/env/pyweb/ to pythonpath.
Traceback (most recent call last):
  File "./HelloWorld/__init__.py", line 1, in <module>
    import pymysql
ModuleNotFoundError: No module named 'pymysql'
unable to load app 0 (mountpoint='') (callable not found or import error)
*** no app loaded. going in full dynamic mode ***
uWSGI running as root, you can use --uid/--gid/--chroot options
*** WARNING: you are running uWSGI as root !!! (use the --uid flag) *** 
spawned uWSGI master process (pid: 1436)
spawned uWSGI worker 1 (pid: 1438, cores: 2)
spawned uWSGI worker 2 (pid: 1440, cores: 2)
spawned uWSGI worker 3 (pid: 1441, cores: 2)
spawned uWSGI worker 4 (pid: 1442, cores: 2)
--- no python application found, check your startup logs for errors ---
[pid: 1438|app: -1|req: -1/1] 120.202.56.2 () {40 vars in 680 bytes} [Mon Oct 12 14:03:32 2020] GET / => generated 21 bytes in 1 msecs (HTTP/1.1 500) 2 headers in 83 bytes (0 switches on core 0)
--- no python application found, check your startup logs for errors ---
[pid: 1438|app: -1|req: -1/2] 120.202.56.2 () {38 vars in 607 bytes} [Mon Oct 12 14:03:32 2020] GET /favicon.ico => generated 21 bytes in 0 msecs (HTTP/1.1 500) 2 headers in 83 bytes (0 switches on core 1)
--- no python application found, check your startup logs for errors ---
[pid: 1438|app: -1|req: -1/3] 120.202.56.2 () {40 vars in 680 bytes} [Mon Oct 12 14:03:38 2020] GET / => generated 21 bytes in 0 msecs (HTTP/1.1 500) 2 headers in 83 bytes (0 switches on core 1)
--- no python application found, check your startup logs for errors ---
[pid: 1438|app: -1|req: -1/4] 120.202.56.2 () {40 vars in 680 bytes} [Mon Oct 12 14:03:52 2020] GET / => generated 21 bytes in 0 msecs (HTTP/1.1 500) 2 headers in 83 bytes (0 switches on core 1)
--- no python application found, check your startup logs for errors ---
[pid: 1438|app: -1|req: -1/5] 183.192.164.214 () {36 vars in 548 bytes} [Mon Oct 12 14:15:54 2020] GET / => generated 21 bytes in 0 msecs (HTTP/1.1 500) 2 headers in 83 bytes (0 switches on core 1)
--- no python application found, check your startup logs for errors ---
[pid: 1438|app: -1|req: -1/6] 120.202.56.2 () {40 vars in 680 bytes} [Mon Oct 12 14:54:02 2020] GET / => generated 21 bytes in 0 msecs (HTTP/1.1 500) 2 headers in 83 bytes (0 switches on core 1)
--- no python application found, check your startup logs for errors ---
[pid: 1438|app: -1|req: -1/7] 120.202.56.2 () {40 vars in 680 bytes} [Mon Oct 12 14:58:17 2020] GET / => generated 21 bytes in 0 msecs (HTTP/1.1 500) 2 headers in 83 bytes (0 switches on core 1)
--- no python application found, check your startup logs for errors ---
[pid: 1438|app: -1|req: -1/8] 120.202.56.2 () {40 vars in 680 bytes} [Mon Oct 12 14:58:20 2020] GET / => generated 21 bytes in 0 msecs (HTTP/1.1 500) 2 headers in 83 bytes (0 switches on core 1)
--- no python application found, check your startup logs for errors ---
[pid: 1438|app: -1|req: -1/9] 120.202.56.2 () {40 vars in 680 bytes} [Mon Oct 12 14:58:22 2020] GET / => generated 21 bytes in 0 msecs (HTTP/1.1 500) 2 headers in 83 bytes (0 switches on core 1)
--- no python application found, check your startup logs for errors ---
[pid: 1441|app: -1|req: -1/10] 120.202.56.2 () {42 vars in 711 bytes} [Mon Oct 12 14:58:24 2020] GET / => generated 21 bytes in 0 msecs (HTTP/1.1 500) 2 headers in 83 bytes (0 switches on core 0)
--- no python application found, check your startup logs for errors ---
[pid: 1438|app: -1|req: -1/11] 120.202.56.2 () {40 vars in 680 bytes} [Mon Oct 12 16:09:44 2020] GET / => generated 21 bytes in 0 msecs (HTTP/1.1 500) 2 headers in 83 bytes (0 switches on core 1)
--- no python application found, check your startup logs for errors ---
[pid: 1438|app: -1|req: -1/12] 120.202.56.2 () {40 vars in 680 bytes} [Mon Oct 12 16:09:47 2020] GET / => generated 21 bytes in 0 msecs (HTTP/1.1 500) 2 headers in 83 bytes (0 switches on core 1)
--- no python application found, check your startup logs for errors ---
[pid: 1440|app: -1|req: -1/13] 120.202.56.2 () {38 vars in 607 bytes} [Mon Oct 12 16:09:47 2020] GET /favicon.ico => generated 21 bytes in 0 msecs (HTTP/1.1 500) 2 headers in 83 bytes (0 switches on core 0)
--- no python application found, check your startup logs for errors ---
[pid: 1438|app: -1|req: -1/14] 120.202.56.2 () {40 vars in 680 bytes} [Mon Oct 12 16:10:57 2020] GET / => generated 21 bytes in 0 msecs (HTTP/1.1 500) 2 headers in 83 bytes (0 switches on core 1)
--- no python application found, check your startup logs for errors ---
[pid: 1442|app: -1|req: -1/15] 120.202.56.2 () {38 vars in 607 bytes} [Mon Oct 12 16:10:57 2020] GET /favicon.ico => generated 21 bytes in 0 msecs (HTTP/1.1 500) 2 headers in 83 bytes (0 switches on core 0)
--- no python application found, check your startup logs for errors ---
[pid: 1438|app: -1|req: -1/16] 120.202.56.2 () {40 vars in 680 bytes} [Mon Oct 12 16:11:25 2020] GET / => generated 21 bytes in 0 msecs (HTTP/1.1 500) 2 headers in 83 bytes (0 switches on core 1)
--- no python application found, check your startup logs for errors ---
[pid: 1440|app: -1|req: -1/17] 120.202.56.2 () {38 vars in 607 bytes} [Mon Oct 12 16:11:25 2020] GET /favicon.ico => generated 21 bytes in 0 msecs (HTTP/1.1 500) 2 headers in 83 bytes (0 switches on core 0)
*** Starting uWSGI 2.0.19.1 (64bit) on [Mon Oct 12 16:22:04 2020] ***
compiled with version: 4.8.5 20150623 (Red Hat 4.8.5-39) on 12 October 2020 05:18:18
os: Linux-3.10.0-1062.18.1.el7.x86_64 #1 SMP Tue Mar 17 23:49:17 UTC 2020
nodename: VM-4-12-centos
machine: x86_64
clock source: unix
pcre jit disabled
detected number of CPU cores: 1
current working directory: /data/wwwroot/HelloWorld
writing pidfile to uwsgi.pid
detected binary path: /data/env/pyweb/bin/uwsgi
uWSGI running as root, you can use --uid/--gid/--chroot options
*** WARNING: you are running uWSGI as root !!! (use the --uid flag) *** 
chdir() to /data/wwwroot/HelloWorld/
your processes number limit is 3878
your memory page size is 4096 bytes
detected max file descriptor number: 100001
lock engine: pthread robust mutexes
thunder lock: disabled (you can enable it with --thunder-lock)
probably another instance of uWSGI is running on the same address (:8082).
bind(): Address already in use [core/socket.c line 769]
ModuleNotFoundError: No module named '/data/wwwroot/HelloWorld/HelloWorld'
unable to load app 0 (mountpoint='') (callable not found or import error)
--- no python application found, check your startup logs for errors ---
[pid: 1440|app: -1|req: -1/18] 83.97.20.34 () {30 vars in 375 bytes} [Mon Oct 12 22:11:53 2020] GET / => generated 21 bytes in 0 msecs (HTTP/1.0 500) 2 headers in 83 bytes (0 switches on core 0)
ModuleNotFoundError: No module named '/data/wwwroot/HelloWorld/HelloWorld'
unable to load app 0 (mountpoint='') (callable not found or import error)
--- no python application found, check your startup logs for errors ---
[pid: 1440|app: -1|req: -1/19] 83.97.20.34 () {30 vars in 376 bytes} [Mon Oct 12 23:10:21 2020] GET / => generated 21 bytes in 0 msecs (HTTP/1.0 500) 2 headers in 83 bytes (0 switches on core 0)
ModuleNotFoundError: No module named '/data/wwwroot/HelloWorld/HelloWorld'
unable to load app 0 (mountpoint='') (callable not found or import error)
--- no python application found, check your startup logs for errors ---
[pid: 1440|app: -1|req: -1/20] 122.228.19.79 () {38 vars in 592 bytes} [Tue Oct 13 01:35:55 2020] GET / => generated 21 bytes in 0 msecs (HTTP/1.1 500) 2 headers in 83 bytes (0 switches on core 0)
ModuleNotFoundError: No module named '/data/wwwroot/HelloWorld/HelloWorld'
unable to load app 0 (mountpoint='') (callable not found or import error)
--- no python application found, check your startup logs for errors ---
[pid: 1441|app: -1|req: -1/21] 122.228.19.79 () {38 vars in 614 bytes} [Tue Oct 13 01:35:55 2020] GET /favicon.ico => generated 21 bytes in 0 msecs (HTTP/1.1 500) 2 headers in 83 bytes (0 switches on core 0)
ModuleNotFoundError: No module named '/data/wwwroot/HelloWorld/HelloWorld'
unable to load app 0 (mountpoint='') (callable not found or import error)
--- no python application found, check your startup logs for errors ---
[pid: 1440|app: -1|req: -1/22] 83.97.20.34 () {30 vars in 376 bytes} [Tue Oct 13 10:06:02 2020] GET / => generated 21 bytes in 2 msecs (HTTP/1.0 500) 2 headers in 83 bytes (0 switches on core 0)
ModuleNotFoundError: No module named '/data/wwwroot/HelloWorld/HelloWorld'
unable to load app 0 (mountpoint='') (callable not found or import error)
--- no python application found, check your startup logs for errors ---
[pid: 1440|app: -1|req: -1/23] 83.97.20.34 () {30 vars in 376 bytes} [Tue Oct 13 10:34:44 2020] GET / => generated 21 bytes in 0 msecs (HTTP/1.0 500) 2 headers in 83 bytes (0 switches on core 1)
...brutally killing workers...
worker 1 buried after 1 seconds
worker 2 buried after 1 seconds
worker 3 buried after 1 seconds
worker 4 buried after 1 seconds
binary reloading uWSGI...
chdir() to /data/wwwroot/HelloWorld
closing all non-uwsgi socket fds > 2 (max_fd = 100001)...
found fd 3 mapped to socket 0 (:8082)
running /data/env/pyweb/bin/uwsgi
[uWSGI] getting INI configuration from uwsgi.ini
*** Starting uWSGI 2.0.19.1 (64bit) on [Tue Oct 13 19:29:51 2020] ***
compiled with version: 4.8.5 20150623 (Red Hat 4.8.5-39) on 12 October 2020 05:18:18
os: Linux-3.10.0-1062.18.1.el7.x86_64 #1 SMP Tue Mar 17 23:49:17 UTC 2020
nodename: VM-4-12-centos
machine: x86_64
clock source: unix
pcre jit disabled
detected number of CPU cores: 1
current working directory: /data/wwwroot/HelloWorld
detected binary path: /data/env/pyweb/bin/uwsgi
uWSGI running as root, you can use --uid/--gid/--chroot options
*** WARNING: you are running uWSGI as root !!! (use the --uid flag) *** 
chdir() to /data/wwwroot/HelloWorld/
your processes number limit is 3878
your memory page size is 4096 bytes
detected max file descriptor number: 100001
lock engine: pthread robust mutexes
thunder lock: disabled (you can enable it with --thunder-lock)
uwsgi socket 0 inherited INET address :8082 fd 3
uWSGI running as root, you can use --uid/--gid/--chroot options
*** WARNING: you are running uWSGI as root !!! (use the --uid flag) *** 
Python version: 3.6.8 (default, Apr  2 2020, 13:34:55)  [GCC 4.8.5 20150623 (Red Hat 4.8.5-39)]
Python main interpreter initialized at 0xd289e0
uWSGI running as root, you can use --uid/--gid/--chroot options
*** WARNING: you are running uWSGI as root !!! (use the --uid flag) *** 
python threads support enabled
your server socket listen backlog is limited to 100 connections
your mercy for graceful operations on workers is 60 seconds
mapped 416880 bytes (407 KB) for 8 cores
*** Operational MODE: preforking+threaded ***
added /data/env/pyweb/ to pythonpath.
WSGI app 0 (mountpoint='') ready in 0 seconds on interpreter 0xd289e0 pid: 1436 (default app)
uWSGI running as root, you can use --uid/--gid/--chroot options
*** WARNING: you are running uWSGI as root !!! (use the --uid flag) *** 
gracefully (RE)spawned uWSGI master process (pid: 1436)
spawned uWSGI worker 1 (pid: 31703, cores: 2)
spawned uWSGI worker 2 (pid: 31704, cores: 2)
spawned uWSGI worker 3 (pid: 31705, cores: 2)
spawned uWSGI worker 4 (pid: 31706, cores: 2)
*** Starting uWSGI 2.0.19.1 (64bit) on [Tue Oct 13 20:33:14 2020] ***
compiled with version: 4.8.5 20150623 (Red Hat 4.8.5-39) on 12 October 2020 05:18:18
os: Linux-3.10.0-1127.19.1.el7.x86_64 #1 SMP Tue Aug 25 17:23:54 UTC 2020
nodename: VM-4-12-centos
machine: x86_64
clock source: unix
pcre jit disabled
detected number of CPU cores: 1
current working directory: /data/wwwroot/HelloWorld
writing pidfile to uwsgi.pid
detected binary path: /data/env/pyweb/bin/uwsgi
uWSGI running as root, you can use --uid/--gid/--chroot options
*** WARNING: you are running uWSGI as root !!! (use the --uid flag) *** 
chdir() to /data/wwwroot/HelloWorld/
your processes number limit is 3875
your memory page size is 4096 bytes
detected max file descriptor number: 100001
lock engine: pthread robust mutexes
thunder lock: disabled (you can enable it with --thunder-lock)
uwsgi socket 0 bound to TCP address :8082 fd 3
uWSGI running as root, you can use --uid/--gid/--chroot options
*** WARNING: you are running uWSGI as root !!! (use the --uid flag) *** 
Python version: 3.6.8 (default, Apr  2 2020, 13:34:55)  [GCC 4.8.5 20150623 (Red Hat 4.8.5-39)]
Python main interpreter initialized at 0x185fb00
uWSGI running as root, you can use --uid/--gid/--chroot options
*** WARNING: you are running uWSGI as root !!! (use the --uid flag) *** 
python threads support enabled
your server socket listen backlog is limited to 100 connections
your mercy for graceful operations on workers is 60 seconds
mapped 416880 bytes (407 KB) for 8 cores
*** Operational MODE: preforking+threaded ***
added /data/env/pyweb/ to pythonpath.
WSGI app 0 (mountpoint='') ready in 0 seconds on interpreter 0x185fb00 pid: 9965 (default app)
uWSGI running as root, you can use --uid/--gid/--chroot options
*** WARNING: you are running uWSGI as root !!! (use the --uid flag) *** 
spawned uWSGI master process (pid: 9965)
spawned uWSGI worker 1 (pid: 9967, cores: 2)
spawned uWSGI worker 2 (pid: 9968, cores: 2)
spawned uWSGI worker 3 (pid: 9969, cores: 2)
spawned uWSGI worker 4 (pid: 9970, cores: 2)
*** Starting uWSGI 2.0.19.1 (64bit) on [Tue Oct 13 20:34:39 2020] ***
compiled with version: 4.8.5 20150623 (Red Hat 4.8.5-39) on 12 October 2020 05:18:18
os: Linux-3.10.0-1127.19.1.el7.x86_64 #1 SMP Tue Aug 25 17:23:54 UTC 2020
nodename: VM-4-12-centos
machine: x86_64
clock source: unix
pcre jit disabled
detected number of CPU cores: 1
current working directory: /data/wwwroot/HelloWorld
writing pidfile to uwsgi.pid
detected binary path: /data/env/pyweb/bin/uwsgi
uWSGI running as root, you can use --uid/--gid/--chroot options
*** WARNING: you are running uWSGI as root !!! (use the --uid flag) *** 
chdir() to /data/wwwroot/HelloWorld/
your processes number limit is 3875
your memory page size is 4096 bytes
detected max file descriptor number: 100001
lock engine: pthread robust mutexes
thunder lock: disabled (you can enable it with --thunder-lock)
probably another instance of uWSGI is running on the same address (:8082).
bind(): Address already in use [core/socket.c line 769]
...brutally killing workers...
worker 1 buried after 1 seconds
worker 2 buried after 1 seconds
worker 3 buried after 1 seconds
worker 4 buried after 1 seconds
binary reloading uWSGI...
chdir() to /data/wwwroot/HelloWorld
closing all non-uwsgi socket fds > 2 (max_fd = 100001)...
found fd 3 mapped to socket 0 (:8082)
running /data/env/pyweb/bin/uwsgi
[uWSGI] getting INI configuration from uwsgi.ini
*** Starting uWSGI 2.0.19.1 (64bit) on [Tue Oct 13 20:41:48 2020] ***
compiled with version: 4.8.5 20150623 (Red Hat 4.8.5-39) on 12 October 2020 05:18:18
os: Linux-3.10.0-1127.19.1.el7.x86_64 #1 SMP Tue Aug 25 17:23:54 UTC 2020
nodename: VM-4-12-centos
machine: x86_64
clock source: unix
pcre jit disabled
detected number of CPU cores: 1
current working directory: /data/wwwroot/HelloWorld
detected binary path: /data/env/pyweb/bin/uwsgi
uWSGI running as root, you can use --uid/--gid/--chroot options
*** WARNING: you are running uWSGI as root !!! (use the --uid flag) *** 
chdir() to /data/wwwroot/HelloWorld/
your processes number limit is 3875
your memory page size is 4096 bytes
detected max file descriptor number: 100001
lock engine: pthread robust mutexes
thunder lock: disabled (you can enable it with --thunder-lock)
uwsgi socket 0 inherited INET address :8082 fd 3
uWSGI running as root, you can use --uid/--gid/--chroot options
*** WARNING: you are running uWSGI as root !!! (use the --uid flag) *** 
Python version: 3.6.8 (default, Apr  2 2020, 13:34:55)  [GCC 4.8.5 20150623 (Red Hat 4.8.5-39)]
Python main interpreter initialized at 0x192aa60
uWSGI running as root, you can use --uid/--gid/--chroot options
*** WARNING: you are running uWSGI as root !!! (use the --uid flag) *** 
python threads support enabled
your server socket listen backlog is limited to 100 connections
your mercy for graceful operations on workers is 60 seconds
mapped 416880 bytes (407 KB) for 8 cores
*** Operational MODE: preforking+threaded ***
added /data/env/pyweb/ to pythonpath.
WSGI app 0 (mountpoint='') ready in 1 seconds on interpreter 0x192aa60 pid: 9965 (default app)
uWSGI running as root, you can use --uid/--gid/--chroot options
*** WARNING: you are running uWSGI as root !!! (use the --uid flag) *** 
gracefully (RE)spawned uWSGI master process (pid: 9965)
spawned uWSGI worker 1 (pid: 11155, cores: 2)
spawned uWSGI worker 2 (pid: 11156, cores: 2)
spawned uWSGI worker 3 (pid: 11157, cores: 2)
spawned uWSGI worker 4 (pid: 11158, cores: 2)
*** Starting uWSGI 2.0.19.1 (64bit) on [Tue Oct 13 20:54:14 2020] ***
compiled with version: 4.8.5 20150623 (Red Hat 4.8.5-39) on 12 October 2020 05:18:18
os: Linux-3.10.0-1127.19.1.el7.x86_64 #1 SMP Tue Aug 25 17:23:54 UTC 2020
nodename: VM-4-12-centos
machine: x86_64
clock source: unix
pcre jit disabled
detected number of CPU cores: 1
current working directory: /data/wwwroot/HelloWorld
writing pidfile to uwsgi.pid
detected binary path: /data/env/pyweb/bin/uwsgi
uWSGI running as root, you can use --uid/--gid/--chroot options
*** WARNING: you are running uWSGI as root !!! (use the --uid flag) *** 
chdir() to /data/wwwroot/HelloWorld/
your processes number limit is 3875
your memory page size is 4096 bytes
detected max file descriptor number: 100001
lock engine: pthread robust mutexes
thunder lock: disabled (you can enable it with --thunder-lock)
uwsgi socket 0 bound to TCP address :8082 fd 3
uWSGI running as root, you can use --uid/--gid/--chroot options
*** WARNING: you are running uWSGI as root !!! (use the --uid flag) *** 
Python version: 3.6.8 (default, Apr  2 2020, 13:34:55)  [GCC 4.8.5 20150623 (Red Hat 4.8.5-39)]
Python main interpreter initialized at 0x124db00
uWSGI running as root, you can use --uid/--gid/--chroot options
*** WARNING: you are running uWSGI as root !!! (use the --uid flag) *** 
python threads support enabled
your server socket listen backlog is limited to 100 connections
your mercy for graceful operations on workers is 60 seconds
mapped 416880 bytes (407 KB) for 8 cores
*** Operational MODE: preforking+threaded ***
added /data/env/pyweb/ to pythonpath.
WSGI app 0 (mountpoint='') ready in 1 seconds on interpreter 0x124db00 pid: 3085 (default app)
uWSGI running as root, you can use --uid/--gid/--chroot options
*** WARNING: you are running uWSGI as root !!! (use the --uid flag) *** 
spawned uWSGI master process (pid: 3085)
spawned uWSGI worker 1 (pid: 3087, cores: 2)
spawned uWSGI worker 2 (pid: 3088, cores: 2)
spawned uWSGI worker 3 (pid: 3089, cores: 2)
spawned uWSGI worker 4 (pid: 3090, cores: 2)
*** Starting uWSGI 2.0.19.1 (64bit) on [Tue Oct 13 21:13:09 2020] ***
compiled with version: 4.8.5 20150623 (Red Hat 4.8.5-39) on 12 October 2020 05:18:18
os: Linux-3.10.0-1127.19.1.el7.x86_64 #1 SMP Tue Aug 25 17:23:54 UTC 2020
nodename: VM-4-12-centos
machine: x86_64
clock source: unix
pcre jit disabled
detected number of CPU cores: 1
current working directory: /data/wwwroot/HelloWorld
writing pidfile to uwsgi.pid
detected binary path: /data/env/pyweb/bin/uwsgi
uWSGI running as root, you can use --uid/--gid/--chroot options
*** WARNING: you are running uWSGI as root !!! (use the --uid flag) *** 
chdir() to /data/wwwroot/HelloWorld/
your processes number limit is 3875
your memory page size is 4096 bytes
detected max file descriptor number: 100001
lock engine: pthread robust mutexes
thunder lock: disabled (you can enable it with --thunder-lock)
probably another instance of uWSGI is running on the same address (:8082).
bind(): Address already in use [core/socket.c line 769]
*** Starting uWSGI 2.0.19.1 (64bit) on [Tue Oct 13 21:35:04 2020] ***
compiled with version: 4.8.5 20150623 (Red Hat 4.8.5-39) on 12 October 2020 05:18:18
os: Linux-3.10.0-1127.19.1.el7.x86_64 #1 SMP Tue Aug 25 17:23:54 UTC 2020
nodename: VM-4-12-centos
machine: x86_64
clock source: unix
pcre jit disabled
detected number of CPU cores: 1
current working directory: /data/wwwroot/HelloWorld
writing pidfile to uwsgi.pid
detected binary path: /data/env/pyweb/bin/uwsgi
uWSGI running as root, you can use --uid/--gid/--chroot options
*** WARNING: you are running uWSGI as root !!! (use the --uid flag) *** 
chdir() to /data/wwwroot/HelloWorld/
your processes number limit is 3875
your memory page size is 4096 bytes
detected max file descriptor number: 100001
lock engine: pthread robust mutexes
thunder lock: disabled (you can enable it with --thunder-lock)
probably another instance of uWSGI is running on the same address (:8082).
bind(): Address already in use [core/socket.c line 769]
...brutally killing workers...
worker 1 buried after 1 seconds
worker 2 buried after 1 seconds
worker 3 buried after 1 seconds
worker 4 buried after 1 seconds
binary reloading uWSGI...
chdir() to /data/wwwroot/HelloWorld
closing all non-uwsgi socket fds > 2 (max_fd = 100001)...
found fd 3 mapped to socket 0 (:8082)
running /data/env/pyweb/bin/uwsgi
[uWSGI] getting INI configuration from uwsgi.ini
*** Starting uWSGI 2.0.19.1 (64bit) on [Tue Oct 13 21:38:27 2020] ***
compiled with version: 4.8.5 20150623 (Red Hat 4.8.5-39) on 12 October 2020 05:18:18
os: Linux-3.10.0-1127.19.1.el7.x86_64 #1 SMP Tue Aug 25 17:23:54 UTC 2020
nodename: VM-4-12-centos
machine: x86_64
clock source: unix
pcre jit disabled
detected number of CPU cores: 1
current working directory: /data/wwwroot/HelloWorld
detected binary path: /data/env/pyweb/bin/uwsgi
uWSGI running as root, you can use --uid/--gid/--chroot options
*** WARNING: you are running uWSGI as root !!! (use the --uid flag) *** 
chdir() to /data/wwwroot/HelloWorld/
your processes number limit is 3875
your memory page size is 4096 bytes
detected max file descriptor number: 100001
lock engine: pthread robust mutexes
thunder lock: disabled (you can enable it with --thunder-lock)
uwsgi socket 0 inherited INET address :8082 fd 3
uWSGI running as root, you can use --uid/--gid/--chroot options
*** WARNING: you are running uWSGI as root !!! (use the --uid flag) *** 
Python version: 3.6.8 (default, Apr  2 2020, 13:34:55)  [GCC 4.8.5 20150623 (Red Hat 4.8.5-39)]
Python main interpreter initialized at 0xc58a60
uWSGI running as root, you can use --uid/--gid/--chroot options
*** WARNING: you are running uWSGI as root !!! (use the --uid flag) *** 
python threads support enabled
your server socket listen backlog is limited to 100 connections
your mercy for graceful operations on workers is 60 seconds
mapped 416880 bytes (407 KB) for 8 cores
*** Operational MODE: preforking+threaded ***
added /data/env/pyweb/ to pythonpath.
WSGI app 0 (mountpoint='') ready in 0 seconds on interpreter 0xc58a60 pid: 3085 (default app)
uWSGI running as root, you can use --uid/--gid/--chroot options
*** WARNING: you are running uWSGI as root !!! (use the --uid flag) *** 
gracefully (RE)spawned uWSGI master process (pid: 3085)
spawned uWSGI worker 1 (pid: 9120, cores: 2)
spawned uWSGI worker 2 (pid: 9121, cores: 2)
spawned uWSGI worker 3 (pid: 9122, cores: 2)
spawned uWSGI worker 4 (pid: 9123, cores: 2)
